22984 INFO  [2016-03-07 03:08:01]  Mapped "{[/user/mLogin],methods=[POST],params=[],headers=[],consumes=[],produces=[],custom=[]}" onto public java.util.Map<java.lang.String, java.lang.Object> com.pgt.user.controller.UserController.mobileLogin(com.pgt.user.bean.User)
22984 INFO  [2016-03-07 03:08:01]  Mapped "{[/user/mRegister],methods=[POST],params=[],headers=[],consumes=[],produces=[],custom=[]}" onto public java.util.Map<java.lang.String, java.lang.Object> com.pgt.user.controller.UserController.mobileRegister(com.pgt.user.bean.User)
22984 INFO  [2016-03-07 03:08:01]  Mapped "{[/user/resetPassword],methods=[GET],params=[],headers=[],consumes=[],produces=[],custom=[]}" onto public org.springframework.web.servlet.ModelAndView com.pgt.user.controller.UserController.resetPassword(javax.servlet.http.HttpServletRequest,org.springframework.web.servlet.ModelAndView)
22984 INFO  [2016-03-07 03:08:01]  Mapped "{[/user/resetPassword],methods=[POST],params=[],headers=[],consumes=[],produces=[],custom=[]}" onto public org.springframework.web.servlet.ModelAndView com.pgt.user.controller.UserController.resetPassword(com.pgt.user.bean.User,org.springframework.validation.BindingResult,org.springframework.web.servlet.ModelAndView,javax.servlet.http.HttpServletRequest)
22985 DEBUG [2016-03-07 03:08:01]  Mapping name clash for handlerMethods=[public org.springframework.web.servlet.ModelAndView com.pgt.user.controller.UserController.resetPassword(javax.servlet.http.HttpServletRequest,org.springframework.web.servlet.ModelAndView), public org.springframework.web.servlet.ModelAndView com.pgt.user.controller.UserController.resetPassword(com.pgt.user.bean.User,org.springframework.validation.BindingResult,org.springframework.web.servlet.ModelAndView,javax.servlet.http.HttpServletRequest)]. Consider assigning explicit names.
22985 INFO  [2016-03-07 03:08:01]  Mapped "{[/user/updatePassword],methods=[GET],params=[],headers=[],consumes=[],produces=[],custom=[]}" onto public org.springframework.web.servlet.ModelAndView com.pgt.user.controller.UserController.updatePassword(org.springframework.web.servlet.ModelAndView,javax.servlet.http.HttpSession)
22985 INFO  [2016-03-07 03:08:01]  Mapped "{[/user/updatePasswordSubmit],methods=[POST],params=[],headers=[],consumes=[],produces=[],custom=[]}" onto public org.springframework.web.servlet.ModelAndView com.pgt.user.controller.UserController.updatePasswordSubmit(com.pgt.user.bean.User,org.springframework.validation.BindingResult,org.springframework.web.servlet.ModelAndView,javax.servlet.http.HttpSession,java.lang.String)
22985 INFO  [2016-03-07 03:08:01]  Mapped "{[/user/yeepayAccountInfo],methods=[GET],params=[],headers=[],consumes=[],produces=[],custom=[]}" onto public org.springframework.web.servlet.ModelAndView com.pgt.user.controller.UserController.yeepayAccountInfo(javax.servlet.http.HttpServletRequest,javax.servlet.http.HttpServletResponse)
22985 INFO  [2016-03-07 03:08:01]  Mapped "{[/userinformation/create],methods=[POST],params=[],headers=[],consumes=[],produces=[],custom=[]}" onto private org.springframework.web.servlet.ModelAndView com.pgt.user.controller.UserInformationController.createUserInformation(org.springframework.web.servlet.ModelAndView,com.pgt.user.bean.UserInformation,org.springframework.validation.BindingResult,javax.servlet.http.HttpSession)
22986 INFO  [2016-03-07 03:08:01]  Mapped "{[/userinformation/query],methods=[],params=[],headers=[],consumes=[],produces=[],custom=[]}" onto public org.springframework.web.servlet.ModelAndView com.pgt.user.controller.UserInformationController.queryUserInformation(org.springframework.web.servlet.ModelAndView,javax.servlet.http.HttpSession)
22986 DEBUG [2016-03-07 03:08:01]  Finished creating instance of bean 'org.springframework.web.servlet.mvc.method.annotation.RequestMappingHandlerMapping#0'
22987 DEBUG [2016-03-07 03:08:01]  Creating shared instance of singleton bean 'org.springframework.web.servlet.mvc.method.annotation.RequestMappingHandlerAdapter#0'
22987 DEBUG [2016-03-07 03:08:01]  Creating instance of bean 'org.springframework.web.servlet.mvc.method.annotation.RequestMappingHandlerAdapter#0'
23062 DEBUG [2016-03-07 03:08:01]  Eagerly caching bean 'org.springframework.web.servlet.mvc.method.annotation.RequestMappingHandlerAdapter#0' to allow for resolving potential circular references
23073 DEBUG [2016-03-07 03:08:01]  Returning cached instance of singleton bean 'mvcContentNegotiationManager'
23074 DEBUG [2016-03-07 03:08:01]  Creating instance of bean '(inner bean)#7ef645db'
23081 DEBUG [2016-03-07 03:08:01]  Returning cached instance of singleton bean 'conversionService'
23081 DEBUG [2016-03-07 03:08:01]  Creating shared instance of singleton bean 'validatorFactoryBean'
23082 DEBUG [2016-03-07 03:08:01]  Creating instance of bean 'validatorFactoryBean'
23091 DEBUG [2016-03-07 03:08:01]  Eagerly caching bean 'validatorFactoryBean' to allow for resolving potential circular references
23101 DEBUG [2016-03-07 03:08:01]  Returning cached instance of singleton bean 'messageSource'
23123 DEBUG [2016-03-07 03:08:01]  Logging Provider: org.jboss.logging.Log4jLoggerProvider
23127 DEBUG [2016-03-07 03:08:01]  Invoking afterPropertiesSet() on bean with name 'validatorFactoryBean'
23140 INFO  [2016-03-07 03:08:01]  HV000001: Hibernate Validator 5.1.3.Final
23158 DEBUG [2016-03-07 03:08:01]  Found javax.persistence.Persistence on classpath containing 'getPersistenceUtil'. Assuming JPA 2 environment. Trying to instantiate JPA aware TraversableResolver
23159 DEBUG [2016-03-07 03:08:01]  Instantiated JPA aware TraversableResolver of type org.hibernate.validator.internal.engine.resolver.JPATraversableResolver.
23160 DEBUG [2016-03-07 03:08:01]  Setting custom MessageInterpolator of type org.springframework.validation.beanvalidation.LocaleContextMessageInterpolator
23160 DEBUG [2016-03-07 03:08:01]  Setting custom ConstraintValidatorFactory of type org.springframework.validation.beanvalidation.SpringConstraintValidatorFactory
23162 DEBUG [2016-03-07 03:08:01]  Setting custom ParameterNameProvider of type com.sun.proxy.$Proxy136
23168 DEBUG [2016-03-07 03:08:01]  Trying to load META-INF/validation.xml for XML based Validator configuration.
23177 DEBUG [2016-03-07 03:08:01]  No META-INF/validation.xml found. Using annotation based configuration only.
23236 DEBUG [2016-03-07 03:08:01]  Finished creating instance of bean 'validatorFactoryBean'
23237 DEBUG [2016-03-07 03:08:01]  Finished creating instance of bean '(inner bean)#7ef645db'
23238 DEBUG [2016-03-07 03:08:01]  Creating instance of bean '(inner bean)#4e249f27'
23245 DEBUG [2016-03-07 03:08:01]  Finished creating instance of bean '(inner bean)#4e249f27'
23245 DEBUG [2016-03-07 03:08:01]  Creating instance of bean '(inner bean)#4bd547f5'
23250 DEBUG [2016-03-07 03:08:01]  Finished creating instance of bean '(inner bean)#4bd547f5'
23250 DEBUG [2016-03-07 03:08:01]  Creating instance of bean '(inner bean)#2162340f'
23253 DEBUG [2016-03-07 03:08:01]  Finished creating instance of bean '(inner bean)#2162340f'
23253 DEBUG [2016-03-07 03:08:01]  Creating instance of bean '(inner bean)#164d824c'
23256 DEBUG [2016-03-07 03:08:01]  Finished creating instance of bean '(inner bean)#164d824c'
23256 DEBUG [2016-03-07 03:08:01]  Creating instance of bean '(inner bean)#330a46c1'
23263 DEBUG [2016-03-07 03:08:01]  Finished creating instance of bean '(inner bean)#330a46c1'
23263 DEBUG [2016-03-07 03:08:01]  Creating instance of bean '(inner bean)#520145ba'
23268 DEBUG [2016-03-07 03:08:01]  Finished creating instance of bean '(inner bean)#520145ba'
23268 DEBUG [2016-03-07 03:08:01]  Creating instance of bean '(inner bean)#5b2af5cb'
23274 DEBUG [2016-03-07 03:08:01]  Finished creating instance of bean '(inner bean)#5b2af5cb'
23274 DEBUG [2016-03-07 03:08:01]  Creating instance of bean '(inner bean)#4958b199'
23286 DEBUG [2016-03-07 03:08:01]  Finished creating instance of bean '(inner bean)#4958b199'
23286 DEBUG [2016-03-07 03:08:01]  Creating instance of bean '(inner bean)#4f37d656'
23286 DEBUG [2016-03-07 03:08:01]  Creating instance of bean '(inner bean)#436f7250'
23293 DEBUG [2016-03-07 03:08:01]  Invoking afterPropertiesSet() on bean with name '(inner bean)#436f7250'
23295 DEBUG [2016-03-07 03:08:01]  Finished creating instance of bean '(inner bean)#436f7250'
23301 DEBUG [2016-03-07 03:08:01]  Finished creating instance of bean '(inner bean)#4f37d656'
23303 DEBUG [2016-03-07 03:08:01]  Creating instance of bean '(inner bean)#59a52ffc'
23308 DEBUG [2016-03-07 03:08:01]  Finished creating instance of bean '(inner bean)#59a52ffc'
23309 DEBUG [2016-03-07 03:08:01]  Invoking afterPropertiesSet() on bean with name 'org.springframework.web.servlet.mvc.method.annotation.RequestMappingHandlerAdapter#0'
23309 INFO  [2016-03-07 03:08:01]  Looking for @ControllerAdvice: WebApplicationContext for namespace 'dispatcher-servlet': startup date [Mon Mar 07 03:07:56 CST 2016]; parent: Root WebApplicationContext
23327 DEBUG [2016-03-07 03:08:01]  Finished creating instance of bean 'org.springframework.web.servlet.mvc.method.annotation.RequestMappingHandlerAdapter#0'
23327 DEBUG [2016-03-07 03:08:01]  Creating shared instance of singleton bean 'mvcUriComponentsContributor'
23327 DEBUG [2016-03-07 03:08:01]  Creating instance of bean 'mvcUriComponentsContributor'
23327 DEBUG [2016-03-07 03:08:01]  Eagerly caching bean 'mvcUriComponentsContributor' to allow for resolving potential circular references
23329 DEBUG [2016-03-07 03:08:01]  Creating instance of bean '(inner bean)#7f28f5'
23334 DEBUG [2016-03-07 03:08:01]  Returning cached instance of singleton bean 'mvcContentNegotiationManager'
23334 DEBUG [2016-03-07 03:08:01]  Creating instance of bean '(inner bean)#7ef645db#1'
23339 DEBUG [2016-03-07 03:08:01]  Returning cached instance of singleton bean 'conversionService'
23339 DEBUG [2016-03-07 03:08:01]  Returning cached instance of singleton bean 'validatorFactoryBean'
23339 DEBUG [2016-03-07 03:08:01]  Finished creating instance of bean '(inner bean)#7ef645db#1'
23339 DEBUG [2016-03-07 03:08:01]  Creating instance of bean '(inner bean)#4e249f27#1'
23339 DEBUG [2016-03-07 03:08:01]  Finished creating instance of bean '(inner bean)#4e249f27#1'
23339 DEBUG [2016-03-07 03:08:01]  Creating instance of bean '(inner bean)#4bd547f5#1'
23340 DEBUG [2016-03-07 03:08:01]  Finished creating instance of bean '(inner bean)#4bd547f5#1'
23340 DEBUG [2016-03-07 03:08:01]  Creating instance of bean '(inner bean)#2162340f#1'
23341 DEBUG [2016-03-07 03:08:01]  Finished creating instance of bean '(inner bean)#2162340f#1'
23341 DEBUG [2016-03-07 03:08:01]  Creating instance of bean '(inner bean)#164d824c#1'
23341 DEBUG [2016-03-07 03:08:01]  Finished creating instance of bean '(inner bean)#164d824c#1'
23342 DEBUG [2016-03-07 03:08:01]  Creating instance of bean '(inner bean)#330a46c1#1'
23345 DEBUG [2016-03-07 03:08:01]  Finished creating instance of bean '(inner bean)#330a46c1#1'
23345 DEBUG [2016-03-07 03:08:01]  Creating instance of bean '(inner bean)#520145ba#1'
23345 DEBUG [2016-03-07 03:08:01]  Finished creating instance of bean '(inner bean)#520145ba#1'
23346 DEBUG [2016-03-07 03:08:01]  Creating instance of bean '(inner bean)#5b2af5cb#1'
23346 DEBUG [2016-03-07 03:08:01]  Finished creating instance of bean '(inner bean)#5b2af5cb#1'
23346 DEBUG [2016-03-07 03:08:01]  Creating instance of bean '(inner bean)#4958b199#1'
23346 DEBUG [2016-03-07 03:08:01]  Finished creating instance of bean '(inner bean)#4958b199#1'
23347 DEBUG [2016-03-07 03:08:01]  Creating instance of bean '(inner bean)#4f37d656#1'
23347 DEBUG [2016-03-07 03:08:01]  Creating instance of bean '(inner bean)#436f7250#1'
23347 DEBUG [2016-03-07 03:08:01]  Invoking afterPropertiesSet() on bean with name '(inner bean)#436f7250#1'
23349 DEBUG [2016-03-07 03:08:01]  Finished creating instance of bean '(inner bean)#436f7250#1'
23350 DEBUG [2016-03-07 03:08:01]  Finished creating instance of bean '(inner bean)#4f37d656#1'
23350 DEBUG [2016-03-07 03:08:01]  Creating instance of bean '(inner bean)#59a52ffc#1'
23350 DEBUG [2016-03-07 03:08:01]  Finished creating instance of bean '(inner bean)#59a52ffc#1'
23351 DEBUG [2016-03-07 03:08:01]  Invoking afterPropertiesSet() on bean with name '(inner bean)#7f28f5'
23351 INFO  [2016-03-07 03:08:01]  Looking for @ControllerAdvice: WebApplicationContext for namespace 'dispatcher-servlet': startup date [Mon Mar 07 03:07:56 CST 2016]; parent: Root WebApplicationContext
23354 DEBUG [2016-03-07 03:08:01]  Returning eagerly cached instance of singleton bean 'mvcUriComponentsContributor' that is not fully initialized yet - a consequence of a circular reference
23355 DEBUG [2016-03-07 03:08:01]  Finished creating instance of bean '(inner bean)#7f28f5'
23355 DEBUG [2016-03-07 03:08:01]  Returning cached instance of singleton bean 'conversionService'
23356 DEBUG [2016-03-07 03:08:01]  Invoking afterPropertiesSet() on bean with name 'mvcUriComponentsContributor'
23356 DEBUG [2016-03-07 03:08:01]  Finished creating instance of bean 'mvcUriComponentsContributor'
23356 DEBUG [2016-03-07 03:08:01]  Returning cached instance of singleton bean 'org.springframework.web.servlet.handler.MappedInterceptor#0'
23356 DEBUG [2016-03-07 03:08:01]  Creating shared instance of singleton bean 'org.springframework.web.servlet.mvc.method.annotation.ExceptionHandlerExceptionResolver#0'
23356 DEBUG [2016-03-07 03:08:01]  Creating instance of bean 'org.springframework.web.servlet.mvc.method.annotation.ExceptionHandlerExceptionResolver#0'
23361 DEBUG [2016-03-07 03:08:01]  Eagerly caching bean 'org.springframework.web.servlet.mvc.method.annotation.ExceptionHandlerExceptionResolver#0' to allow for resolving potential circular references
23368 DEBUG [2016-03-07 03:08:01]  Returning cached instance of singleton bean 'mvcContentNegotiationManager'
23368 DEBUG [2016-03-07 03:08:01]  Creating instance of bean '(inner bean)#4e249f27#2'
23368 DEBUG [2016-03-07 03:08:01]  Finished creating instance of bean '(inner bean)#4e249f27#2'
23369 DEBUG [2016-03-07 03:08:01]  Creating instance of bean '(inner bean)#4bd547f5#2'
23369 DEBUG [2016-03-07 03:08:01]  Finished creating instance of bean '(inner bean)#4bd547f5#2'
23369 DEBUG [2016-03-07 03:08:01]  Creating instance of bean '(inner bean)#2162340f#2'
23369 DEBUG [2016-03-07 03:08:01]  Finished creating instance of bean '(inner bean)#2162340f#2'
23370 DEBUG [2016-03-07 03:08:01]  Creating instance of bean '(inner bean)#164d824c#2'
23370 DEBUG [2016-03-07 03:08:01]  Finished creating instance of bean '(inner bean)#164d824c#2'
23370 DEBUG [2016-03-07 03:08:01]  Creating instance of bean '(inner bean)#330a46c1#2'
23373 DEBUG [2016-03-07 03:08:01]  Finished creating instance of bean '(inner bean)#330a46c1#2'
23374 DEBUG [2016-03-07 03:08:01]  Creating instance of bean '(inner bean)#520145ba#2'
23374 DEBUG [2016-03-07 03:08:01]  Finished creating instance of bean '(inner bean)#520145ba#2'
23374 DEBUG [2016-03-07 03:08:01]  Creating instance of bean '(inner bean)#5b2af5cb#2'
23374 DEBUG [2016-03-07 03:08:01]  Finished creating instance of bean '(inner bean)#5b2af5cb#2'
23374 DEBUG [2016-03-07 03:08:01]  Creating instance of bean '(inner bean)#4958b199#2'
23375 DEBUG [2016-03-07 03:08:01]  Finished creating instance of bean '(inner bean)#4958b199#2'
23375 DEBUG [2016-03-07 03:08:01]  Creating instance of bean '(inner bean)#4f37d656#2'
23386 DEBUG [2016-03-07 03:08:02]  Creating instance of bean '(inner bean)#436f7250#2'
23387 DEBUG [2016-03-07 03:08:02]  Invoking afterPropertiesSet() on bean with name '(inner bean)#436f7250#2'
23388 DEBUG [2016-03-07 03:08:02]  Finished creating instance of bean '(inner bean)#436f7250#2'
23389 DEBUG [2016-03-07 03:08:02]  Finished creating instance of bean '(inner bean)#4f37d656#2'
23389 DEBUG [2016-03-07 03:08:02]  Creating instance of bean '(inner bean)#1353cdc4'
23389 DEBUG [2016-03-07 03:08:02]  Finished creating instance of bean '(inner bean)#1353cdc4'
23390 DEBUG [2016-03-07 03:08:02]  Invoking afterPropertiesSet() on bean with name 'org.springframework.web.servlet.mvc.method.annotation.ExceptionHandlerExceptionResolver#0'
23390 DEBUG [2016-03-07 03:08:02]  Looking for exception mappings: WebApplicationContext for namespace 'dispatcher-servlet': startup date [Mon Mar 07 03:07:56 CST 2016]; parent: Root WebApplicationContext
23393 DEBUG [2016-03-07 03:08:02]  Finished creating instance of bean 'org.springframework.web.servlet.mvc.method.annotation.ExceptionHandlerExceptionResolver#0'
23393 DEBUG [2016-03-07 03:08:02]  Creating shared instance of singleton bean 'org.springframework.web.servlet.mvc.annotation.ResponseStatusExceptionResolver#0'
23393 DEBUG [2016-03-07 03:08:02]  Creating instance of bean 'org.springframework.web.servlet.mvc.annotation.ResponseStatusExceptionResolver#0'
23394 DEBUG [2016-03-07 03:08:02]  Eagerly caching bean 'org.springframework.web.servlet.mvc.annotation.ResponseStatusExceptionResolver#0' to allow for resolving potential circular references
23396 DEBUG [2016-03-07 03:08:02]  Finished creating instance of bean 'org.springframework.web.servlet.mvc.annotation.ResponseStatusExceptionResolver#0'
23396 DEBUG [2016-03-07 03:08:02]  Creating shared instance of singleton bean 'org.springframework.web.servlet.mvc.support.DefaultHandlerExceptionResolver#0'
23396 DEBUG [2016-03-07 03:08:02]  Creating instance of bean 'org.springframework.web.servlet.mvc.support.DefaultHandlerExceptionResolver#0'
23396 DEBUG [2016-03-07 03:08:02]  Eagerly caching bean 'org.springframework.web.servlet.mvc.support.DefaultHandlerExceptionResolver#0' to allow for resolving potential circular references
23399 DEBUG [2016-03-07 03:08:02]  Finished creating instance of bean 'org.springframework.web.servlet.mvc.support.DefaultHandlerExceptionResolver#0'
23399 DEBUG [2016-03-07 03:08:02]  Creating shared instance of singleton bean 'org.springframework.web.servlet.handler.BeanNameUrlHandlerMapping'
23399 DEBUG [2016-03-07 03:08:02]  Creating instance of bean 'org.springframework.web.servlet.handler.BeanNameUrlHandlerMapping'
23399 DEBUG [2016-03-07 03:08:02]  Eagerly caching bean 'org.springframework.web.servlet.handler.BeanNameUrlHandlerMapping' to allow for resolving potential circular references
23406 DEBUG [2016-03-07 03:08:02]  Returning cached instance of singleton bean 'org.springframework.web.servlet.handler.MappedInterceptor#0'
23406 DEBUG [2016-03-07 03:08:02]  Returning cached instance of singleton bean 'org.springframework.web.servlet.handler.MappedInterceptor#1'
23406 DEBUG [2016-03-07 03:08:02]  Returning cached instance of singleton bean 'org.springframework.web.servlet.handler.MappedInterceptor#2'
23406 DEBUG [2016-03-07 03:08:02]  Returning cached instance of singleton bean 'org.springframework.web.servlet.handler.MappedInterceptor#3'
23406 DEBUG [2016-03-07 03:08:02]  Returning cached instance of singleton bean 'org.springframework.web.servlet.handler.MappedInterceptor#4'
23407 DEBUG [2016-03-07 03:08:02]  Returning cached instance of singleton bean 'org.springframework.web.servlet.handler.MappedInterceptor#5'
23407 DEBUG [2016-03-07 03:08:02]  Looking for URL mappings in application context: WebApplicationContext for namespace 'dispatcher-servlet': startup date [Mon Mar 07 03:07:56 CST 2016]; parent: Root WebApplicationContext
23407 DEBUG [2016-03-07 03:08:02]  Rejected bean name 'homePageController': no URL paths identified
23407 DEBUG [2016-03-07 03:08:02]  Rejected bean name 'p2PUserOrderController': no URL paths identified
23407 DEBUG [2016-03-07 03:08:02]  Rejected bean name 'p2pUserOrderService': no URL paths identified
23407 DEBUG [2016-03-07 03:08:02]  Rejected bean name 'pawnPersonInfoController': no URL paths identified
23407 DEBUG [2016-03-07 03:08:02]  Rejected bean name 'tenderController': no URL paths identified
23407 DEBUG [2016-03-07 03:08:02]  Rejected bean name 'tenderListController': no URL paths identified
23407 DEBUG [2016-03-07 03:08:02]  Rejected bean name 'paginationUtils': no URL paths identified
23407 DEBUG [2016-03-07 03:08:02]  Rejected bean name 'addressInfoController': no URL paths identified
23407 DEBUG [2016-03-07 03:08:02]  Rejected bean name 'userAddressController': no URL paths identified
23407 DEBUG [2016-03-07 03:08:02]  Rejected bean name 'addressInfoService': no URL paths identified
23408 DEBUG [2016-03-07 03:08:02]  Rejected bean name 'uploadController': no URL paths identified
23408 DEBUG [2016-03-07 03:08:02]  Rejected bean name 'shoppingCartModifierController': no URL paths identified
23408 DEBUG [2016-03-07 03:08:02]  Rejected bean name 'userFavouriteController': no URL paths identified
23408 DEBUG [2016-03-07 03:08:02]  Rejected bean name 'orderService': no URL paths identified
23408 DEBUG [2016-03-07 03:08:02]  Rejected bean name 'priceOrderService': no URL paths identified
23408 DEBUG [2016-03-07 03:08:02]  Rejected bean name 'productBrowseTrackService': no URL paths identified
23408 DEBUG [2016-03-07 03:08:02]  Rejected bean name 'recommendService': no URL paths identified
23408 DEBUG [2016-03-07 03:08:02]  Rejected bean name 'responseBuilderFactory': no URL paths identified
23408 DEBUG [2016-03-07 03:08:02]  Rejected bean name 'shoppingCartConfiguration': no URL paths identified
23408 DEBUG [2016-03-07 03:08:02]  Rejected bean name 'shoppingCartService': no URL paths identified
23408 DEBUG [2016-03-07 03:08:02]  Rejected bean name 'userFavouriteService': no URL paths identified
23408 DEBUG [2016-03-07 03:08:02]  Rejected bean name 'userOrderService': no URL paths identified
23408 DEBUG [2016-03-07 03:08:02]  Rejected bean name 'baseCategoryController': no URL paths identified
23408 DEBUG [2016-03-07 03:08:02]  Rejected bean name 'categoryHelper': no URL paths identified
23408 DEBUG [2016-03-07 03:08:02]  Rejected bean name 'categoryServiceImp': no URL paths identified
23408 DEBUG [2016-03-07 03:08:02]  Rejected bean name 'cityController': no URL paths identified
23408 DEBUG [2016-03-07 03:08:02]  Rejected bean name 'cityService': no URL paths identified
23408 DEBUG [2016-03-07 03:08:02]  Rejected bean name 'breadBuilder': no URL paths identified
23408 DEBUG [2016-03-07 03:08:02]  Rejected bean name 'bannerServiceImpl': no URL paths identified
23408 DEBUG [2016-03-07 03:08:02]  Rejected bean name 'hotSearchServiceImpl': no URL paths identified
23408 DEBUG [2016-03-07 03:08:02]  Rejected bean name 'imageServiceImpl': no URL paths identified
23408 DEBUG [2016-03-07 03:08:02]  Rejected bean name 'consultingController': no URL paths identified
23408 DEBUG [2016-03-07 03:08:02]  Rejected bean name 'discussController': no URL paths identified
23408 DEBUG [2016-03-07 03:08:02]  Rejected bean name 'consultingServiceImpl': no URL paths identified
23408 DEBUG [2016-03-07 03:08:02]  Rejected bean name 'discussServiceImpl': no URL paths identified
23408 DEBUG [2016-03-07 03:08:02]  Rejected bean name 'ESConfiguration': no URL paths identified
23408 DEBUG [2016-03-07 03:08:02]  Rejected bean name 'importDataService': no URL paths identified
23409 DEBUG [2016-03-07 03:08:02]  Rejected bean name 'migrateDataListener': no URL paths identified
23409 DEBUG [2016-03-07 03:08:02]  Rejected bean name 'migrateDataService': no URL paths identified
23409 DEBUG [2016-03-07 03:08:02]  Rejected bean name 'errorController': no URL paths identified
23409 DEBUG [2016-03-07 03:08:02]  Rejected bean name 'helpCenterController': no URL paths identified
23409 DEBUG [2016-03-07 03:08:02]  Rejected bean name 'helpCenterServiceImp': no URL paths identified
23409 DEBUG [2016-03-07 03:08:02]  Rejected bean name 'newsServiceImp': no URL paths identified
23409 DEBUG [2016-03-07 03:08:02]  Rejected bean name 'hotProductHelper': no URL paths identified
23409 DEBUG [2016-03-07 03:08:02]  Rejected bean name 'hotProductServiceImp': no URL paths identified
23409 DEBUG [2016-03-07 03:08:02]  Rejected bean name 'createIndexController': no URL paths identified
23409 DEBUG [2016-03-07 03:08:02]  Rejected bean name 'alipayController': no URL paths identified
23409 DEBUG [2016-03-07 03:08:02]  Rejected bean name 'alipayService': no URL paths identified
23409 DEBUG [2016-03-07 03:08:02]  Rejected bean name 'yeePayController': no URL paths identified
23409 DEBUG [2016-03-07 03:08:02]  Rejected bean name 'inventoryService': no URL paths identified
23409 DEBUG [2016-03-07 03:08:02]  Rejected bean name 'friendlyLinkServiceImpl': no URL paths identified
23409 DEBUG [2016-03-07 03:08:02]  Rejected bean name 'loanController': no URL paths identified
23409 DEBUG [2016-03-07 03:08:02]  Rejected bean name 'loanService': no URL paths identified
23409 DEBUG [2016-03-07 03:08:02]  Rejected bean name 'mailService': no URL paths identified
23409 DEBUG [2016-03-07 03:08:02]  Rejected bean name 'mediaHelper': no URL paths identified
23409 DEBUG [2016-03-07 03:08:02]  Rejected bean name 'mediaServiceImp': no URL paths identified
23409 DEBUG [2016-03-07 03:08:02]  Rejected bean name 'staticPageServiceImpl': no URL paths identified
23409 DEBUG [2016-03-07 03:08:02]  Rejected bean name 'onlinePawnController': no URL paths identified
23409 DEBUG [2016-03-07 03:08:02]  Rejected bean name 'onlinePawnServiceImp': no URL paths identified
23409 DEBUG [2016-03-07 03:08:02]  Rejected bean name 'pawnPersonInfoServiceImpl': no URL paths identified
23409 DEBUG [2016-03-07 03:08:02]  Rejected bean name 'paymentController': no URL paths identified
23409 DEBUG [2016-03-07 03:08:02]  Rejected bean name 'transactionLogController': no URL paths identified
23409 DEBUG [2016-03-07 03:08:02]  Rejected bean name 'paymentService': no URL paths identified
23409 DEBUG [2016-03-07 03:08:02]  Rejected bean name 'transactionLogService': no URL paths identified
23409 DEBUG [2016-03-07 03:08:02]  Rejected bean name 'productHelper': no URL paths identified
23409 DEBUG [2016-03-07 03:08:02]  Rejected bean name 'productServiceImp': no URL paths identified
23409 DEBUG [2016-03-07 03:08:02]  Rejected bean name 'saleInfoImpl': no URL paths identified
23409 DEBUG [2016-03-07 03:08:02]  Rejected bean name 'oneWeekImpl': no URL paths identified
23409 DEBUG [2016-03-07 03:08:02]  Rejected bean name 'ESSearchController': no URL paths identified
23409 DEBUG [2016-03-07 03:08:02]  Rejected bean name 'serachController': no URL paths identified
23410 DEBUG [2016-03-07 03:08:02]  Rejected bean name 'categorySearchEngineService': no URL paths identified
23410 DEBUG [2016-03-07 03:08:02]  Rejected bean name 'ESSearchService': no URL paths identified
23410 DEBUG [2016-03-07 03:08:02]  Rejected bean name 'searchService': no URL paths identified
23410 DEBUG [2016-03-07 03:08:02]  Rejected bean name 'staticResourceSearchEngineService': no URL paths identified
23410 DEBUG [2016-03-07 03:08:02]  Rejected bean name 'tenderSearchEngineService': no URL paths identified
23410 DEBUG [2016-03-07 03:08:02]  Rejected bean name 'shareOrderServiceImpl': no URL paths identified
23410 DEBUG [2016-03-07 03:08:02]  Rejected bean name 'shippingController': no URL paths identified
23410 DEBUG [2016-03-07 03:08:02]  Rejected bean name 'shippingService': no URL paths identified
23410 DEBUG [2016-03-07 03:08:02]  Rejected bean name 'SMSController': no URL paths identified
23410 DEBUG [2016-03-07 03:08:02]  Rejected bean name 'smsService': no URL paths identified
23410 DEBUG [2016-03-07 03:08:02]  Rejected bean name 'QQController': no URL paths identified
23410 DEBUG [2016-03-07 03:08:02]  Rejected bean name 'SSOService': no URL paths identified
23410 DEBUG [2016-03-07 03:08:02]  Rejected bean name 'pageBackgroundServiceImpl': no URL paths identified
23410 DEBUG [2016-03-07 03:08:02]  Rejected bean name 'tenderCategotyServiceImpl': no URL paths identified
23410 DEBUG [2016-03-07 03:08:02]  Rejected bean name 'tenderService': no URL paths identified
23410 DEBUG [2016-03-07 03:08:02]  Rejected bean name 'tokenServiceImpl': no URL paths identified
23410 DEBUG [2016-03-07 03:08:02]  Rejected bean name 'secCodeController': no URL paths identified
23410 DEBUG [2016-03-07 03:08:02]  Rejected bean name 'userController': no URL paths identified
23410 DEBUG [2016-03-07 03:08:02]  Rejected bean name 'userInformationController': no URL paths identified
23410 DEBUG [2016-03-07 03:08:02]  Rejected bean name 'ESSearchProductService': no URL paths identified
23410 DEBUG [2016-03-07 03:08:02]  Rejected bean name 'userInformationImpl': no URL paths identified
23410 DEBUG [2016-03-07 03:08:02]  Rejected bean name 'userServiceImp': no URL paths identified
23410 DEBUG [2016-03-07 03:08:02]  Rejected bean name 'errorMsgUtil': no URL paths identified
23410 DEBUG [2016-03-07 03:08:02]  Rejected bean name 'jsonUtil': no URL paths identified
23410 DEBUG [2016-03-07 03:08:02]  Rejected bean name 'URLMapping': no URL paths identified
23410 DEBUG [2016-03-07 03:08:02]  Rejected bean name 'org.springframework.context.annotation.internalConfigurationAnnotationProcessor': no URL paths identified
23410 DEBUG [2016-03-07 03:08:02]  Rejected bean name 'org.springframework.context.annotation.internalAutowiredAnnotationProcessor': no URL paths identified
23410 DEBUG [2016-03-07 03:08:02]  Rejected bean name 'org.springframework.context.annotation.internalRequiredAnnotationProcessor': no URL paths identified
23410 DEBUG [2016-03-07 03:08:02]  Rejected bean name 'org.springframework.context.annotation.internalCommonAnnotationProcessor': no URL paths identified
23410 DEBUG [2016-03-07 03:08:02]  Rejected bean name 'mvcContentNegotiationManager': no URL paths identified
23410 DEBUG [2016-03-07 03:08:02]  Rejected bean name 'org.springframework.web.servlet.mvc.method.annotation.RequestMappingHandlerMapping#0': no URL paths identified
23410 DEBUG [2016-03-07 03:08:02]  Rejected bean name 'org.springframework.web.servlet.mvc.method.annotation.RequestMappingHandlerAdapter#0': no URL paths identified
23410 DEBUG [2016-03-07 03:08:02]  Rejected bean name 'mvcUriComponentsContributor': no URL paths identified
23410 DEBUG [2016-03-07 03:08:02]  Rejected bean name 'org.springframework.web.servlet.handler.MappedInterceptor#0': no URL paths identified
23411 DEBUG [2016-03-07 03:08:02]  Rejected bean name 'org.springframework.web.servlet.mvc.method.annotation.ExceptionHandlerExceptionResolver#0': no URL paths identified
23411 DEBUG [2016-03-07 03:08:02]  Rejected bean name 'org.springframework.web.servlet.mvc.annotation.ResponseStatusExceptionResolver#0': no URL paths identified
23411 DEBUG [2016-03-07 03:08:02]  Rejected bean name 'org.springframework.web.servlet.mvc.support.DefaultHandlerExceptionResolver#0': no URL paths identified
23411 DEBUG [2016-03-07 03:08:02]  Rejected bean name 'org.springframework.web.servlet.handler.BeanNameUrlHandlerMapping': no URL paths identified
23411 DEBUG [2016-03-07 03:08:02]  Rejected bean name 'org.springframework.web.servlet.mvc.HttpRequestHandlerAdapter': no URL paths identified
23411 DEBUG [2016-03-07 03:08:02]  Rejected bean name 'org.springframework.web.servlet.mvc.SimpleControllerHandlerAdapter': no URL paths identified
23411 DEBUG [2016-03-07 03:08:02]  Rejected bean name 'org.springframework.web.servlet.handler.MappedInterceptor#1': no URL paths identified
23411 DEBUG [2016-03-07 03:08:02]  Rejected bean name 'org.springframework.web.servlet.handler.MappedInterceptor#2': no URL paths identified
23411 DEBUG [2016-03-07 03:08:02]  Rejected bean name 'org.springframework.web.servlet.handler.MappedInterceptor#3': no URL paths identified
23411 DEBUG [2016-03-07 03:08:02]  Rejected bean name 'org.springframework.web.servlet.handler.MappedInterceptor#4': no URL paths identified
23411 DEBUG [2016-03-07 03:08:02]  Rejected bean name 'org.springframework.web.servlet.handler.MappedInterceptor#5': no URL paths identified
23411 DEBUG [2016-03-07 03:08:02]  Rejected bean name 'org.springframework.web.servlet.view.InternalResourceViewResolver#0': no URL paths identified
23411 DEBUG [2016-03-07 03:08:02]  Rejected bean name 'validatorFactoryBean': no URL paths identified
23411 DEBUG [2016-03-07 03:08:02]  Rejected bean name 'messageSource': no URL paths identified
23411 DEBUG [2016-03-07 03:08:02]  Rejected bean name 'conversionService': no URL paths identified
23411 DEBUG [2016-03-07 03:08:02]  Rejected bean name 'multipartResolver': no URL paths identified
23411 DEBUG [2016-03-07 03:08:02]  Rejected bean name 'org.springframework.context.annotation.ConfigurationClassPostProcessor.importAwareProcessor': no URL paths identified
23411 DEBUG [2016-03-07 03:08:02]  Rejected bean name 'org.springframework.context.annotation.ConfigurationClassPostProcessor.enhancedConfigurationProcessor': no URL paths identified
23411 DEBUG [2016-03-07 03:08:02]  Rejected bean name 'environment': no URL paths identified
23411 DEBUG [2016-03-07 03:08:02]  Rejected bean name 'systemProperties': no URL paths identified
23411 DEBUG [2016-03-07 03:08:02]  Rejected bean name 'systemEnvironment': no URL paths identified
23411 DEBUG [2016-03-07 03:08:02]  Rejected bean name 'servletConfig': no URL paths identified
23411 DEBUG [2016-03-07 03:08:02]  Rejected bean name 'org.springframework.context.annotation.ConfigurationClassPostProcessor.importRegistry': no URL paths identified
23411 DEBUG [2016-03-07 03:08:02]  Rejected bean name 'applicationEventMulticaster': no URL paths identified
23411 DEBUG [2016-03-07 03:08:02]  Finished creating instance of bean 'org.springframework.web.servlet.handler.BeanNameUrlHandlerMapping'
23411 DEBUG [2016-03-07 03:08:02]  Creating shared instance of singleton bean 'org.springframework.web.servlet.mvc.HttpRequestHandlerAdapter'
23411 DEBUG [2016-03-07 03:08:02]  Creating instance of bean 'org.springframework.web.servlet.mvc.HttpRequestHandlerAdapter'
23412 DEBUG [2016-03-07 03:08:02]  Eagerly caching bean 'org.springframework.web.servlet.mvc.HttpRequestHandlerAdapter' to allow for resolving potential circular references
23414 DEBUG [2016-03-07 03:08:02]  Finished creating instance of bean 'org.springframework.web.servlet.mvc.HttpRequestHandlerAdapter'
23414 DEBUG [2016-03-07 03:08:02]  Creating shared instance of singleton bean 'org.springframework.web.servlet.mvc.SimpleControllerHandlerAdapter'
23414 DEBUG [2016-03-07 03:08:02]  Creating instance of bean 'org.springframework.web.servlet.mvc.SimpleControllerHandlerAdapter'
23414 DEBUG [2016-03-07 03:08:02]  Eagerly caching bean 'org.springframework.web.servlet.mvc.SimpleControllerHandlerAdapter' to allow for resolving potential circular references
23416 DEBUG [2016-03-07 03:08:02]  Finished creating instance of bean 'org.springframework.web.servlet.mvc.SimpleControllerHandlerAdapter'
23416 DEBUG [2016-03-07 03:08:02]  Returning cached instance of singleton bean 'org.springframework.web.servlet.handler.MappedInterceptor#1'
23416 DEBUG [2016-03-07 03:08:02]  Returning cached instance of singleton bean 'org.springframework.web.servlet.handler.MappedInterceptor#2'
23416 DEBUG [2016-03-07 03:08:02]  Returning cached instance of singleton bean 'org.springframework.web.servlet.handler.MappedInterceptor#3'
23416 DEBUG [2016-03-07 03:08:02]  Returning cached instance of singleton bean 'org.springframework.web.servlet.handler.MappedInterceptor#4'
23416 DEBUG [2016-03-07 03:08:02]  Returning cached instance of singleton bean 'org.springframework.web.servlet.handler.MappedInterceptor#5'
23416 DEBUG [2016-03-07 03:08:02]  Creating shared instance of singleton bean 'org.springframework.web.servlet.view.InternalResourceViewResolver#0'
23416 DEBUG [2016-03-07 03:08:02]  Creating instance of bean 'org.springframework.web.servlet.view.InternalResourceViewResolver#0'
23421 DEBUG [2016-03-07 03:08:02]  Eagerly caching bean 'org.springframework.web.servlet.view.InternalResourceViewResolver#0' to allow for resolving potential circular references
23429 DEBUG [2016-03-07 03:08:02]  Finished creating instance of bean 'org.springframework.web.servlet.view.InternalResourceViewResolver#0'
23429 DEBUG [2016-03-07 03:08:02]  Returning cached instance of singleton bean 'validatorFactoryBean'
23429 DEBUG [2016-03-07 03:08:02]  Returning cached instance of singleton bean 'messageSource'
23429 DEBUG [2016-03-07 03:08:02]  Returning cached instance of singleton bean 'conversionService'
23429 DEBUG [2016-03-07 03:08:02]  Creating shared instance of singleton bean 'multipartResolver'
23429 DEBUG [2016-03-07 03:08:02]  Creating instance of bean 'multipartResolver'
23439 DEBUG [2016-03-07 03:08:02]  Eagerly caching bean 'multipartResolver' to allow for resolving potential circular references
23444 DEBUG [2016-03-07 03:08:02]  Finished creating instance of bean 'multipartResolver'
23444 DEBUG [2016-03-07 03:08:02]  Returning cached instance of singleton bean 'org.springframework.context.annotation.ConfigurationClassPostProcessor.importAwareProcessor'
23444 DEBUG [2016-03-07 03:08:02]  Returning cached instance of singleton bean 'org.springframework.context.annotation.ConfigurationClassPostProcessor.enhancedConfigurationProcessor'
23444 DEBUG [2016-03-07 03:08:02]  Unable to locate LifecycleProcessor with name 'lifecycleProcessor': using default [org.springframework.context.support.DefaultLifecycleProcessor@6e5c2fd]
23444 DEBUG [2016-03-07 03:08:02]  Returning cached instance of singleton bean 'lifecycleProcessor'
23444 DEBUG [2016-03-07 03:08:02]  Returning cached instance of singleton bean 'migrateDataListener'
23444 DEBUG [2016-03-07 03:08:02]  Returning cached instance of singleton bean 'multipartResolver'
23444 DEBUG [2016-03-07 03:08:02]  Using MultipartResolver [org.springframework.web.multipart.commons.CommonsMultipartResolver@33d27155]
23445 DEBUG [2016-03-07 03:08:02]  Creating instance of bean 'org.springframework.web.servlet.i18n.AcceptHeaderLocaleResolver'
23447 DEBUG [2016-03-07 03:08:02]  Finished creating instance of bean 'org.springframework.web.servlet.i18n.AcceptHeaderLocaleResolver'
23447 DEBUG [2016-03-07 03:08:02]  Unable to locate LocaleResolver with name 'localeResolver': using default [org.springframework.web.servlet.i18n.AcceptHeaderLocaleResolver@6c649c97]
23447 DEBUG [2016-03-07 03:08:02]  Creating instance of bean 'org.springframework.web.servlet.theme.FixedThemeResolver'
23451 DEBUG [2016-03-07 03:08:02]  Finished creating instance of bean 'org.springframework.web.servlet.theme.FixedThemeResolver'
23451 DEBUG [2016-03-07 03:08:02]  Unable to locate ThemeResolver with name 'themeResolver': using default [org.springframework.web.servlet.theme.FixedThemeResolver@22465da]
23451 DEBUG [2016-03-07 03:08:02]  Returning cached instance of singleton bean 'org.springframework.web.servlet.mvc.method.annotation.RequestMappingHandlerMapping#0'
23451 DEBUG [2016-03-07 03:08:02]  Returning cached instance of singleton bean 'org.springframework.web.servlet.handler.BeanNameUrlHandlerMapping'
23452 DEBUG [2016-03-07 03:08:02]  Returning cached instance of singleton bean 'org.springframework.web.servlet.mvc.method.annotation.RequestMappingHandlerAdapter#0'
23452 DEBUG [2016-03-07 03:08:02]  Returning cached instance of singleton bean 'org.springframework.web.servlet.mvc.HttpRequestHandlerAdapter'
23452 DEBUG [2016-03-07 03:08:02]  Returning cached instance of singleton bean 'org.springframework.web.servlet.mvc.SimpleControllerHandlerAdapter'
23452 DEBUG [2016-03-07 03:08:02]  Returning cached instance of singleton bean 'org.springframework.web.servlet.mvc.method.annotation.ExceptionHandlerExceptionResolver#0'
23452 DEBUG [2016-03-07 03:08:02]  Returning cached instance of singleton bean 'org.springframework.web.servlet.mvc.annotation.ResponseStatusExceptionResolver#0'
23452 DEBUG [2016-03-07 03:08:02]  Returning cached instance of singleton bean 'org.springframework.web.servlet.mvc.support.DefaultHandlerExceptionResolver#0'
23452 DEBUG [2016-03-07 03:08:02]  Creating instance of bean 'org.springframework.web.servlet.view.DefaultRequestToViewNameTranslator'
23455 DEBUG [2016-03-07 03:08:02]  Finished creating instance of bean 'org.springframework.web.servlet.view.DefaultRequestToViewNameTranslator'
23455 DEBUG [2016-03-07 03:08:02]  Unable to locate RequestToViewNameTranslator with name 'viewNameTranslator': using default [org.springframework.web.servlet.view.DefaultRequestToViewNameTranslator@37666930]
23455 DEBUG [2016-03-07 03:08:02]  Returning cached instance of singleton bean 'org.springframework.web.servlet.view.InternalResourceViewResolver#0'
23456 DEBUG [2016-03-07 03:08:02]  Creating instance of bean 'org.springframework.web.servlet.support.SessionFlashMapManager'
23460 DEBUG [2016-03-07 03:08:02]  Finished creating instance of bean 'org.springframework.web.servlet.support.SessionFlashMapManager'
23460 DEBUG [2016-03-07 03:08:02]  Unable to locate FlashMapManager with name 'flashMapManager': using default [org.springframework.web.servlet.support.SessionFlashMapManager@3a35b4f0]
23460 DEBUG [2016-03-07 03:08:02]  Searching for key 'spring.liveBeansView.mbeanDomain' in [servletConfigInitParams]
23460 DEBUG [2016-03-07 03:08:02]  Searching for key 'spring.liveBeansView.mbeanDomain' in [servletContextInitParams]
23460 DEBUG [2016-03-07 03:08:02]  Searching for key 'spring.liveBeansView.mbeanDomain' in [jndiProperties]
23460 DEBUG [2016-03-07 03:08:02]  Looking up JNDI object with name [java:comp/env/spring.liveBeansView.mbeanDomain]
23461 DEBUG [2016-03-07 03:08:02]  Converted JNDI name [java:comp/env/spring.liveBeansView.mbeanDomain] not found - trying original name [spring.liveBeansView.mbeanDomain]. javax.naming.NameNotFoundException; remaining name 'spring.liveBeansView.mbeanDomain'
23461 DEBUG [2016-03-07 03:08:02]  Looking up JNDI object with name [spring.liveBeansView.mbeanDomain]
23461 DEBUG [2016-03-07 03:08:02]  JNDI lookup for name [spring.liveBeansView.mbeanDomain] threw NamingException with message: null. Returning null.
23461 DEBUG [2016-03-07 03:08:02]  Searching for key 'spring.liveBeansView.mbeanDomain' in [systemProperties]
23461 DEBUG [2016-03-07 03:08:02]  Searching for key 'spring.liveBeansView.mbeanDomain' in [systemEnvironment]
23461 DEBUG [2016-03-07 03:08:02]  Could not find key 'spring.liveBeansView.mbeanDomain' in any property source. Returning [null]
23461 DEBUG [2016-03-07 03:08:02]  Published WebApplicationContext of servlet 'dispatcher' as ServletContext attribute with name [org.springframework.web.servlet.FrameworkServlet.CONTEXT.dispatcher]
23461 INFO  [2016-03-07 03:08:02]  FrameworkServlet 'dispatcher': initialization completed in 5622 ms
23461 DEBUG [2016-03-07 03:08:02]  Servlet 'dispatcher' configured successfully
81385 DEBUG [2016-03-07 03:09:00]  Fetching JDBC Connection from DataSource
81387 DEBUG [2016-03-07 03:09:00]  Returning JDBC Connection to DataSource
141387 DEBUG [2016-03-07 03:10:00]  Fetching JDBC Connection from DataSource
141389 DEBUG [2016-03-07 03:10:00]  Returning JDBC Connection to DataSource
201387 DEBUG [2016-03-07 03:11:00]  Fetching JDBC Connection from DataSource
201390 DEBUG [2016-03-07 03:11:00]  Returning JDBC Connection to DataSource
208555 INFO  [2016-03-07 03:11:07]  Closing WebApplicationContext for namespace 'dispatcher-servlet': startup date [Mon Mar 07 03:07:56 CST 2016]; parent: Root WebApplicationContext
208556 DEBUG [2016-03-07 03:11:07]  Returning cached instance of singleton bean 'sqlSessionFactory'
208556 DEBUG [2016-03-07 03:11:07]  Returning cached instance of singleton bean 'lifecycleProcessor'
208557 DEBUG [2016-03-07 03:11:07]  Destroying singletons in org.springframework.beans.factory.support.DefaultListableBeanFactory@33d3ef5c: defining beans [homePageController,p2PUserOrderController,p2pUserOrderService,pawnPersonInfoController,tenderController,tenderListController,paginationUtils,addressInfoController,userAddressController,addressInfoService,uploadController,shoppingCartModifierController,userFavouriteController,orderService,priceOrderService,productBrowseTrackService,recommendService,responseBuilderFactory,shoppingCartConfiguration,shoppingCartService,userFavouriteService,userOrderService,baseCategoryController,categoryHelper,categoryServiceImp,cityController,cityService,breadBuilder,bannerServiceImpl,hotSearchServiceImpl,imageServiceImpl,consultingController,discussController,consultingServiceImpl,discussServiceImpl,ESConfiguration,importDataService,migrateDataListener,migrateDataService,errorController,helpCenterController,helpCenterServiceImp,newsServiceImp,hotProductHelper,hotProductServiceImp,createIndexController,alipayController,alipayService,yeePayController,inventoryService,friendlyLinkServiceImpl,loanController,loanService,mailService,mediaHelper,mediaServiceImp,staticPageServiceImpl,onlinePawnController,onlinePawnServiceImp,pawnPersonInfoServiceImpl,paymentController,transactionLogController,paymentService,transactionLogService,productHelper,productServiceImp,saleInfoImpl,oneWeekImpl,ESSearchController,serachController,categorySearchEngineService,ESSearchService,searchService,staticResourceSearchEngineService,tenderSearchEngineService,shareOrderServiceImpl,shippingController,shippingService,SMSController,smsService,QQController,SSOService,pageBackgroundServiceImpl,tenderCategotyServiceImpl,tenderService,tokenServiceImpl,secCodeController,userController,userInformationController,ESSearchProductService,userInformationImpl,userServiceImp,errorMsgUtil,jsonUtil,URLMapping,org.springframework.context.annotation.internalConfigurationAnnotationProcessor,org.springframework.context.annotation.internalAutowiredAnnotationProcessor,org.springframework.context.annotation.internalRequiredAnnotationProcessor,org.springframework.context.annotation.internalCommonAnnotationProcessor,mvcContentNegotiationManager,org.springframework.web.servlet.mvc.method.annotation.RequestMappingHandlerMapping#0,org.springframework.web.servlet.mvc.method.annotation.RequestMappingHandlerAdapter#0,mvcUriComponentsContributor,org.springframework.web.servlet.handler.MappedInterceptor#0,org.springframework.web.servlet.mvc.method.annotation.ExceptionHandlerExceptionResolver#0,org.springframework.web.servlet.mvc.annotation.ResponseStatusExceptionResolver#0,org.springframework.web.servlet.mvc.support.DefaultHandlerExceptionResolver#0,org.springframework.web.servlet.handler.BeanNameUrlHandlerMapping,org.springframework.web.servlet.mvc.HttpRequestHandlerAdapter,org.springframework.web.servlet.mvc.SimpleControllerHandlerAdapter,org.springframework.web.servlet.handler.MappedInterceptor#1,org.springframework.web.servlet.handler.MappedInterceptor#2,org.springframework.web.servlet.handler.MappedInterceptor#3,org.springframework.web.servlet.handler.MappedInterceptor#4,org.springframework.web.servlet.handler.MappedInterceptor#5,org.springframework.web.servlet.view.InternalResourceViewResolver#0,validatorFactoryBean,messageSource,conversionService,multipartResolver,org.springframework.context.annotation.ConfigurationClassPostProcessor.importAwareProcessor,org.springframework.context.annotation.ConfigurationClassPostProcessor.enhancedConfigurationProcessor]; parent: org.springframework.beans.factory.support.DefaultListableBeanFactory@74962e6b
208559 DEBUG [2016-03-07 03:11:07]  Retrieved dependent beans for bean '(inner bean)#4e249f27#2': [org.springframework.web.servlet.mvc.method.annotation.ExceptionHandlerExceptionResolver#0]
208562 DEBUG [2016-03-07 03:11:07]  Retrieved dependent beans for bean '(inner bean)#436f7250#2': [(inner bean)#4f37d656#2]
208564 DEBUG [2016-03-07 03:11:07]  Retrieved dependent beans for bean '(inner bean)#7f28f5': [mvcUriComponentsContributor]
208564 DEBUG [2016-03-07 03:11:07]  Retrieved dependent beans for bean '(inner bean)#7ef645db#1': [(inner bean)#7f28f5]
208564 DEBUG [2016-03-07 03:11:07]  Retrieved dependent beans for bean '(inner bean)#436f7250#1': [(inner bean)#4f37d656#1]
208565 DEBUG [2016-03-07 03:11:07]  Retrieved dependent beans for bean '(inner bean)#7ef645db': [org.springframework.web.servlet.mvc.method.annotation.RequestMappingHandlerAdapter#0]
208566 DEBUG [2016-03-07 03:11:07]  Retrieved dependent beans for bean '(inner bean)#436f7250': [(inner bean)#4f37d656]
208566 DEBUG [2016-03-07 03:11:07]  Invoking destroy() on bean with name 'validatorFactoryBean'
208567 DEBUG [2016-03-07 03:11:07]  Retrieved dependent beans for bean 'com.pgt.help.interceptor.HelpCenterInterceptor#0': [org.springframework.web.servlet.handler.MappedInterceptor#5]
208567 DEBUG [2016-03-07 03:11:07]  Retrieved dependent beans for bean 'com.pgt.cart.filter.ProductBrowseTracker#0': [org.springframework.web.servlet.handler.MappedInterceptor#4]
208567 DEBUG [2016-03-07 03:11:07]  Retrieved dependent beans for bean 'com.pgt.permission.LoginInterceptor#0': [org.springframework.web.servlet.handler.MappedInterceptor#3]
208568 DEBUG [2016-03-07 03:11:07]  Retrieved dependent beans for bean 'com.pgt.permission.PersistentInterceptor#0': [org.springframework.web.servlet.handler.MappedInterceptor#2]
208568 DEBUG [2016-03-07 03:11:07]  Retrieved dependent beans for bean 'com.pgt.user.Interceptor.SSOInterceptor#0': [org.springframework.web.servlet.handler.MappedInterceptor#1]
208568 DEBUG [2016-03-07 03:11:07]  Retrieved dependent beans for bean '(inner bean)#44e61b54': [org.springframework.web.servlet.handler.MappedInterceptor#0]
208571 DEBUG [2016-03-07 03:11:07]  Retrieved dependent beans for bean 'com.pgt.common.converter.DateConverter#55de437c': [conversionService]
208573 INFO  [2016-03-07 03:11:07]  Closing Root WebApplicationContext: startup date [Mon Mar 07 03:07:38 CST 2016]; root of context hierarchy
208574 DEBUG [2016-03-07 03:11:07]  Returning cached instance of singleton bean 'schedulerFactory'
208574 DEBUG [2016-03-07 03:11:07]  Returning cached instance of singleton bean 'lifecycleProcessor'
208574 INFO  [2016-03-07 03:11:07]  Stopping beans in phase 2147483647
208574 DEBUG [2016-03-07 03:11:07]  Asking bean 'schedulerFactory' of type [class org.springframework.scheduling.quartz.SchedulerFactoryBean] to stop
208576 DEBUG [2016-03-07 03:11:07]  Bean 'schedulerFactory' completed its stop procedure
208576 DEBUG [2016-03-07 03:11:07]  Destroying singletons in org.springframework.beans.factory.support.DefaultListableBeanFactory@74962e6b: defining beans [yeePayConfig,registerNotificationHandler,codeCheckOnlyNotificationHandler,completeTransactionNotificationHandler,emptyParamValidator,baseYeepay,accountInfoValidator,completeTransactionValidator,mockYeepay,accountInfoYeepay,completeTransactionYeepay,alipayConfig,inventoryReleaseJob,inventoryReleaseJobDetail,inventoryReleaseJobTrigger,schedulerFactory,homePageController,p2PUserOrderController,p2pUserOrderService,pawnPersonInfoController,tenderController,tenderListController,paginationUtils,addressInfoController,userAddressController,addressInfoService,uploadController,shoppingCartModifierController,userFavouriteController,orderService,priceOrderService,productBrowseTrackService,recommendService,responseBuilderFactory,shoppingCartConfiguration,shoppingCartService,userFavouriteService,userOrderService,baseCategoryController,categoryHelper,categoryServiceImp,cityController,cityService,breadBuilder,bannerServiceImpl,hotSearchServiceImpl,imageServiceImpl,consultingController,discussController,consultingServiceImpl,discussServiceImpl,ESConfiguration,importDataService,migrateDataListener,migrateDataService,errorController,helpCenterController,helpCenterServiceImp,newsServiceImp,hotProductHelper,hotProductServiceImp,createIndexController,alipayController,alipayService,yeePayController,inventoryService,friendlyLinkServiceImpl,loanController,loanService,mailService,mediaHelper,mediaServiceImp,staticPageServiceImpl,onlinePawnController,onlinePawnServiceImp,pawnPersonInfoServiceImpl,paymentController,transactionLogController,paymentService,transactionLogService,productHelper,productServiceImp,saleInfoImpl,oneWeekImpl,ESSearchController,serachController,categorySearchEngineService,ESSearchService,searchService,staticResourceSearchEngineService,tenderSearchEngineService,shareOrderServiceImpl,shippingController,shippingService,SMSController,smsService,QQController,SSOService,pageBackgroundServiceImpl,tenderCategotyServiceImpl,tenderService,tokenServiceImpl,secCodeController,userController,userInformationController,ESSearchProductService,userInformationImpl,userServiceImp,errorMsgUtil,jsonUtil,URLMapping,org.springframework.context.annotation.internalConfigurationAnnotationProcessor,org.springframework.context.annotation.internalAutowiredAnnotationProcessor,org.springframework.context.annotation.internalRequiredAnnotationProcessor,org.springframework.context.annotation.internalCommonAnnotationProcessor,dataSource,sqlSessionFactory,transactionManager,sqlSession,org.mybatis.spring.mapper.MapperScannerConfigurer#0,passwordRegexValidator,loginRegexValidator,phoneRegexValidator,emailRegexValidator,messageSource,configuration,urlConfiguration,esConfiguration,cacheManager,com.pgt.data.index.service.AllIndexService#0,esSearchService,mailSender,velocityEngine,propertyConfigurer,org.springframework.context.annotation.ConfigurationClassPostProcessor.importAwareProcessor,org.springframework.context.annotation.ConfigurationClassPostProcessor.enhancedConfigurationProcessor,p2pUserOrderDao,addressInfoMapper,storeMapper,orderMapper,p2PMapper,recommendDao,shoppingCartDao,userFavouriteDao,userOrderDao,categoryMapper,cityMapper,bannerMapper,hotSearchMapper,imageMapper,mediaMapper,consultingMapper,discussMapper,helpCenterMapper,newsMapper,alipayResultMapper,inventoryLockMapper,friendlyLinkMapper,loanMapper,staticPageMapper,onlinePawnMapper,pawnPersonInfoMapper,paymentMapper,transactionLogMapper,productMapper,saleStatisticsMapper,oneWeekSaleDao,shareOrderMapper,shippingAddressMapper,shippingMethodMapper,shippingVOMapper,pageBackgroundMapper,tenderCategoryMapper,tenderMapper,tokenMapper,userInformationMapper,userMapper]; root of factory hierarchy
208577 DEBUG [2016-03-07 03:11:07]  Invoking destroy method 'close' on bean with name 'sqlSession'
208578 WARN  [2016-03-07 03:11:07]  Invocation of destroy method 'close' failed on bean with name 'sqlSession'
java.lang.UnsupportedOperationException: Manual close is not allowed over a Spring managed SqlSession
	at org.mybatis.spring.SqlSessionTemplate.close(SqlSessionTemplate.java:333)
	at sun.reflect.NativeMethodAccessorImpl.invoke0(Native Method)
	at sun.reflect.NativeMethodAccessorImpl.invoke(NativeMethodAccessorImpl.java:62)
	at sun.reflect.DelegatingMethodAccessorImpl.invoke(DelegatingMethodAccessorImpl.java:43)
	at java.lang.reflect.Method.invoke(Method.java:497)
	at org.springframework.beans.factory.support.DisposableBeanAdapter.invokeCustomDestroyMethod(DisposableBeanAdapter.java:353)
	at org.springframework.beans.factory.support.DisposableBeanAdapter.destroy(DisposableBeanAdapter.java:276)
	at org.springframework.beans.factory.support.DefaultSingletonBeanRegistry.destroyBean(DefaultSingletonBeanRegistry.java:578)
	at org.springframework.beans.factory.support.DefaultSingletonBeanRegistry.destroySingleton(DefaultSingletonBeanRegistry.java:554)
	at org.springframework.beans.factory.support.DefaultListableBeanFactory.destroySingleton(DefaultListableBeanFactory.java:972)
	at org.springframework.beans.factory.support.DefaultSingletonBeanRegistry.destroySingletons(DefaultSingletonBeanRegistry.java:523)
	at org.springframework.beans.factory.support.DefaultListableBeanFactory.destroySingletons(DefaultListableBeanFactory.java:979)
	at org.springframework.context.support.AbstractApplicationContext.destroyBeans(AbstractApplicationContext.java:908)
	at org.springframework.context.support.AbstractApplicationContext.doClose(AbstractApplicationContext.java:884)
	at org.springframework.context.support.AbstractApplicationContext.close(AbstractApplicationContext.java:836)
	at org.springframework.web.context.ContextLoader.closeWebApplicationContext(ContextLoader.java:579)
	at org.springframework.web.context.ContextLoaderListener.contextDestroyed(ContextLoaderListener.java:115)
	at org.mortbay.jetty.handler.ContextHandler.doStop(ContextHandler.java:599)
	at org.mortbay.jetty.webapp.WebAppContext.doStop(WebAppContext.java:527)
	at org.gradle.api.plugins.jetty.internal.JettyPluginWebAppContext.doStop(JettyPluginWebAppContext.java:119)
	at org.mortbay.component.AbstractLifeCycle.stop(AbstractLifeCycle.java:76)
	at org.mortbay.jetty.handler.HandlerCollection.doStop(HandlerCollection.java:169)
	at org.mortbay.component.AbstractLifeCycle.stop(AbstractLifeCycle.java:76)
	at org.mortbay.jetty.handler.HandlerCollection.doStop(HandlerCollection.java:169)
	at org.mortbay.component.AbstractLifeCycle.stop(AbstractLifeCycle.java:76)
	at org.mortbay.jetty.handler.HandlerWrapper.doStop(HandlerWrapper.java:142)
	at org.mortbay.jetty.Server.doStop(Server.java:283)
	at org.mortbay.component.AbstractLifeCycle.stop(AbstractLifeCycle.java:76)
	at org.mortbay.jetty.Server$ShutdownHookThread.run(Server.java:561)
208580 DEBUG [2016-03-07 03:11:07]  Retrieved dependent beans for bean 'org.springframework.cache.concurrent.ConcurrentMapCacheFactoryBean#480a3ffc': [cacheManager]
208581 DEBUG [2016-03-07 03:11:07]  Invoking destroy() on bean with name 'schedulerFactory'
208581 INFO  [2016-03-07 03:11:07]  Shutting down Quartz Scheduler
208583 DEBUG [2016-03-07 03:11:07]  Retrieved dependent beans for bean 'yeePayConfig': [completeTransactionYeepay, completeTransactionNotificationHandler]
208583 DEBUG [2016-03-07 03:11:07]  Retrieved dependent beans for bean 'completeTransactionYeepay': [completeTransactionNotificationHandler]
208583 DEBUG [2016-03-07 03:11:07]  Retrieved dependent beans for bean 'completeTransactionNotificationHandler': [yeePayConfig]
208584 DEBUG [2016-03-07 03:11:07]  Invoking destroy method 'close' on bean with name 'dataSource'
